<?xml version="1.0" encoding="UTF-8"?>
<coverage generated="1637668618313" clover="3.2.0">
  <project timestamp="1637668618313" name="All files">
    <metrics statements="51" coveredstatements="51" conditionals="12" coveredconditionals="10" methods="12" coveredmethods="12" elements="75" coveredelements="73" complexity="0" loc="51" ncloc="51" packages="1" files="6" classes="6"/>
    <file name="add.pipe.ts" path="/Users/alexander.mai/IdeaProjects/github/ngx-dayjs/src/add.pipe.ts">
      <metrics statements="9" coveredstatements="9" conditionals="4" coveredconditionals="4" methods="2" coveredmethods="2"/>
      <line num="1" count="1" type="stmt"/>
      <line num="2" count="1" type="stmt"/>
      <line num="3" count="1" type="stmt"/>
      <line num="6" count="1" type="stmt"/>
      <line num="7" count="1" type="stmt"/>
      <line num="8" count="4" type="cond" truecount="4" falsecount="0"/>
      <line num="9" count="1" type="stmt"/>
      <line num="11" count="3" type="stmt"/>
      <line num="13" count="1" type="stmt"/>
    </file>
    <file name="date-format.pipe.ts" path="/Users/alexander.mai/IdeaProjects/github/ngx-dayjs/src/date-format.pipe.ts">
      <metrics statements="8" coveredstatements="8" conditionals="1" coveredconditionals="0" methods="2" coveredmethods="2"/>
      <line num="1" count="2" type="stmt"/>
      <line num="2" count="2" type="stmt"/>
      <line num="3" count="2" type="stmt"/>
      <line num="6" count="2" type="stmt"/>
      <line num="7" count="6" type="stmt"/>
      <line num="8" count="2" type="cond" truecount="0" falsecount="1"/>
      <line num="9" count="2" type="stmt"/>
      <line num="11" count="2" type="stmt"/>
    </file>
    <file name="difference.pipe.ts" path="/Users/alexander.mai/IdeaProjects/github/ngx-dayjs/src/difference.pipe.ts">
      <metrics statements="9" coveredstatements="9" conditionals="2" coveredconditionals="1" methods="2" coveredmethods="2"/>
      <line num="1" count="1" type="stmt"/>
      <line num="2" count="1" type="stmt"/>
      <line num="3" count="1" type="stmt"/>
      <line num="6" count="1" type="stmt"/>
      <line num="7" count="1" type="stmt"/>
      <line num="9" count="7" type="stmt"/>
      <line num="10" count="7" type="cond" truecount="1" falsecount="1"/>
      <line num="12" count="7" type="stmt"/>
      <line num="14" count="1" type="stmt"/>
    </file>
    <file name="from-unix.pipe.ts" path="/Users/alexander.mai/IdeaProjects/github/ngx-dayjs/src/from-unix.pipe.ts">
      <metrics statements="9" coveredstatements="9" conditionals="1" coveredconditionals="1" methods="2" coveredmethods="2"/>
      <line num="1" count="1" type="stmt"/>
      <line num="2" count="1" type="stmt"/>
      <line num="3" count="1" type="stmt"/>
      <line num="6" count="1" type="stmt"/>
      <line num="7" count="4" type="stmt"/>
      <line num="8" count="2" type="cond" truecount="1" falsecount="0"/>
      <line num="9" count="1" type="stmt"/>
      <line num="11" count="2" type="stmt"/>
      <line num="13" count="1" type="stmt"/>
    </file>
    <file name="parse.pipe.ts" path="/Users/alexander.mai/IdeaProjects/github/ngx-dayjs/src/parse.pipe.ts">
      <metrics statements="7" coveredstatements="7" conditionals="0" coveredconditionals="0" methods="2" coveredmethods="2"/>
      <line num="1" count="1" type="stmt"/>
      <line num="2" count="1" type="stmt"/>
      <line num="3" count="1" type="stmt"/>
      <line num="6" count="1" type="stmt"/>
      <line num="7" count="1" type="stmt"/>
      <line num="8" count="2" type="stmt"/>
      <line num="10" count="1" type="stmt"/>
    </file>
    <file name="subtract.pipe.ts" path="/Users/alexander.mai/IdeaProjects/github/ngx-dayjs/src/subtract.pipe.ts">
      <metrics statements="9" coveredstatements="9" conditionals="4" coveredconditionals="4" methods="2" coveredmethods="2"/>
      <line num="1" count="1" type="stmt"/>
      <line num="2" count="1" type="stmt"/>
      <line num="3" count="1" type="stmt"/>
      <line num="6" count="1" type="stmt"/>
      <line num="7" count="1" type="stmt"/>
      <line num="8" count="4" type="cond" truecount="4" falsecount="0"/>
      <line num="9" count="1" type="stmt"/>
      <line num="11" count="3" type="stmt"/>
      <line num="13" count="1" type="stmt"/>
    </file>
  </project>
</coverage>
