{"/Users/alexander.mai/IdeaProjects/github/ngx-dayjs/src/add.pipe.ts": {"path":"/Users/alexander.mai/IdeaProjects/github/ngx-dayjs/src/add.pipe.ts","statementMap":{"0":{"start":{"line":1,"column":0},"end":{"line":1,"column":50}},"1":{"start":{"line":2,"column":0},"end":{"line":2,"column":32}},"2":{"start":{"line":3,"column":14},"end":{"line":3,"column":20}},"3":{"start":{"line":6,"column":0},"end":{"line":6,"column":13}},"4":{"start":{"line":7,"column":4},"end":{"line":12,"column":null}},"5":{"start":{"line":8,"column":8},"end":{"line":10,"column":null}},"6":{"start":{"line":9,"column":12},"end":{"line":9,"column":67}},"7":{"start":{"line":11,"column":8},"end":{"line":11,"column":46}},"8":{"start":{"line":6,"column":13},"end":{"line":13,"column":null}},"9":{"start":{"line":13,"column":0},"end":{"line":13,"column":null}},"10":{"start":{"line":6,"column":13},"end":{"line":6,"column":20}}},"fnMap":{"0":{"name":"(anonymous_1)","decl":{"start":{"line":6,"column":0},"end":{"line":6,"column":13}},"loc":{"start":{"line":6,"column":0},"end":{"line":6,"column":13}}},"1":{"name":"(anonymous_3)","decl":{"start":{"line":7,"column":4},"end":{"line":7,"column":13}},"loc":{"start":{"line":7,"column":49},"end":{"line":12,"column":5}}}},"branchMap":{"0":{"loc":{"start":{"line":8,"column":8},"end":{"line":10,"column":null}},"type":"if","locations":[{"start":{"line":8,"column":8},"end":{"line":10,"column":null}}]},"1":{"loc":{"start":{"line":8,"column":12},"end":{"line":8,"column":104}},"type":"binary-expr","locations":[{"start":{"line":8,"column":12},"end":{"line":8,"column":41}},{"start":{"line":8,"column":46},"end":{"line":8,"column":72}},{"start":{"line":8,"column":76},"end":{"line":8,"column":103}}]}},"s":{"0":1,"1":1,"2":1,"3":1,"4":1,"5":4,"6":1,"7":3,"8":1,"9":1,"10":1},"f":{"0":5,"1":4},"b":{"0":[1],"1":[4,3,1]}}
,"/Users/alexander.mai/IdeaProjects/github/ngx-dayjs/src/date-format.pipe.ts": {"path":"/Users/alexander.mai/IdeaProjects/github/ngx-dayjs/src/date-format.pipe.ts","statementMap":{"0":{"start":{"line":1,"column":0},"end":{"line":1,"column":50}},"1":{"start":{"line":2,"column":0},"end":{"line":2,"column":32}},"2":{"start":{"line":3,"column":14},"end":{"line":3,"column":20}},"3":{"start":{"line":6,"column":0},"end":{"line":6,"column":13}},"4":{"start":{"line":7,"column":2},"end":{"line":10,"column":null}},"5":{"start":{"line":7,"column":24},"end":{"line":7,"column":38}},"6":{"start":{"line":8,"column":4},"end":{"line":8,"column":null}},"7":{"start":{"line":8,"column":18},"end":{"line":8,"column":28}},"8":{"start":{"line":9,"column":4},"end":{"line":9,"column":40}},"9":{"start":{"line":6,"column":13},"end":{"line":11,"column":null}},"10":{"start":{"line":11,"column":0},"end":{"line":11,"column":null}},"11":{"start":{"line":6,"column":13},"end":{"line":6,"column":27}}},"fnMap":{"0":{"name":"(anonymous_1)","decl":{"start":{"line":6,"column":0},"end":{"line":6,"column":13}},"loc":{"start":{"line":6,"column":0},"end":{"line":6,"column":13}}},"1":{"name":"(anonymous_3)","decl":{"start":{"line":7,"column":2},"end":{"line":7,"column":11}},"loc":{"start":{"line":7,"column":22},"end":{"line":10,"column":3}}}},"branchMap":{"0":{"loc":{"start":{"line":8,"column":4},"end":{"line":8,"column":null}},"type":"if","locations":[{"start":{"line":8,"column":4},"end":{"line":8,"column":null}}]}},"s":{"0":2,"1":2,"2":2,"3":2,"4":2,"5":6,"6":2,"7":0,"8":2,"9":2,"10":2,"11":2},"f":{"0":4,"1":2},"b":{"0":[0]}}
,"/Users/alexander.mai/IdeaProjects/github/ngx-dayjs/src/difference.pipe.ts": {"path":"/Users/alexander.mai/IdeaProjects/github/ngx-dayjs/src/difference.pipe.ts","statementMap":{"0":{"start":{"line":1,"column":0},"end":{"line":1,"column":50}},"1":{"start":{"line":2,"column":0},"end":{"line":2,"column":32}},"2":{"start":{"line":3,"column":14},"end":{"line":3,"column":20}},"3":{"start":{"line":6,"column":0},"end":{"line":6,"column":13}},"4":{"start":{"line":7,"column":2},"end":{"line":13,"column":null}},"5":{"start":{"line":9,"column":17},"end":{"line":9,"column":29}},"6":{"start":{"line":10,"column":18},"end":{"line":10,"column":69}},"7":{"start":{"line":12,"column":4},"end":{"line":12,"column":45}},"8":{"start":{"line":6,"column":13},"end":{"line":14,"column":null}},"9":{"start":{"line":14,"column":0},"end":{"line":14,"column":null}},"10":{"start":{"line":6,"column":13},"end":{"line":6,"column":27}}},"fnMap":{"0":{"name":"(anonymous_1)","decl":{"start":{"line":6,"column":0},"end":{"line":6,"column":13}},"loc":{"start":{"line":6,"column":0},"end":{"line":6,"column":13}}},"1":{"name":"(anonymous_3)","decl":{"start":{"line":7,"column":2},"end":{"line":7,"column":11}},"loc":{"start":{"line":7,"column":73},"end":{"line":13,"column":3}}}},"branchMap":{"0":{"loc":{"start":{"line":10,"column":18},"end":{"line":10,"column":69}},"type":"cond-expr","locations":[{"start":{"line":10,"column":42},"end":{"line":10,"column":59}},{"start":{"line":10,"column":62},"end":{"line":10,"column":69}}]}},"s":{"0":1,"1":1,"2":1,"3":1,"4":1,"5":7,"6":7,"7":7,"8":1,"9":1,"10":1},"f":{"0":5,"1":7},"b":{"0":[7,0]}}
,"/Users/alexander.mai/IdeaProjects/github/ngx-dayjs/src/from-unix.pipe.ts": {"path":"/Users/alexander.mai/IdeaProjects/github/ngx-dayjs/src/from-unix.pipe.ts","statementMap":{"0":{"start":{"line":1,"column":0},"end":{"line":1,"column":50}},"1":{"start":{"line":2,"column":0},"end":{"line":2,"column":32}},"2":{"start":{"line":3,"column":14},"end":{"line":3,"column":20}},"3":{"start":{"line":6,"column":0},"end":{"line":6,"column":13}},"4":{"start":{"line":7,"column":2},"end":{"line":12,"column":null}},"5":{"start":{"line":7,"column":24},"end":{"line":7,"column":41}},"6":{"start":{"line":8,"column":4},"end":{"line":10,"column":null}},"7":{"start":{"line":9,"column":6},"end":{"line":9,"column":21}},"8":{"start":{"line":11,"column":4},"end":{"line":11,"column":31}},"9":{"start":{"line":6,"column":13},"end":{"line":13,"column":null}},"10":{"start":{"line":13,"column":0},"end":{"line":13,"column":null}},"11":{"start":{"line":6,"column":13},"end":{"line":6,"column":25}}},"fnMap":{"0":{"name":"(anonymous_1)","decl":{"start":{"line":6,"column":0},"end":{"line":6,"column":13}},"loc":{"start":{"line":6,"column":0},"end":{"line":6,"column":13}}},"1":{"name":"(anonymous_3)","decl":{"start":{"line":7,"column":2},"end":{"line":7,"column":11}},"loc":{"start":{"line":7,"column":22},"end":{"line":12,"column":3}}}},"branchMap":{"0":{"loc":{"start":{"line":8,"column":4},"end":{"line":10,"column":null}},"type":"if","locations":[{"start":{"line":8,"column":4},"end":{"line":10,"column":null}}]}},"s":{"0":1,"1":1,"2":1,"3":1,"4":1,"5":4,"6":2,"7":1,"8":2,"9":1,"10":1,"11":1},"f":{"0":3,"1":2},"b":{"0":[1]}}
,"/Users/alexander.mai/IdeaProjects/github/ngx-dayjs/src/parse.pipe.ts": {"path":"/Users/alexander.mai/IdeaProjects/github/ngx-dayjs/src/parse.pipe.ts","statementMap":{"0":{"start":{"line":1,"column":0},"end":{"line":1,"column":52}},"1":{"start":{"line":2,"column":0},"end":{"line":2,"column":32}},"2":{"start":{"line":3,"column":14},"end":{"line":3,"column":20}},"3":{"start":{"line":6,"column":0},"end":{"line":6,"column":13}},"4":{"start":{"line":7,"column":2},"end":{"line":9,"column":null}},"5":{"start":{"line":8,"column":4},"end":{"line":8,"column":39}},"6":{"start":{"line":6,"column":13},"end":{"line":10,"column":null}},"7":{"start":{"line":10,"column":0},"end":{"line":10,"column":null}},"8":{"start":{"line":6,"column":13},"end":{"line":6,"column":22}}},"fnMap":{"0":{"name":"(anonymous_1)","decl":{"start":{"line":6,"column":0},"end":{"line":6,"column":13}},"loc":{"start":{"line":6,"column":0},"end":{"line":6,"column":13}}},"1":{"name":"(anonymous_3)","decl":{"start":{"line":7,"column":2},"end":{"line":7,"column":11}},"loc":{"start":{"line":7,"column":41},"end":{"line":9,"column":3}}}},"branchMap":{},"s":{"0":1,"1":1,"2":1,"3":1,"4":1,"5":2,"6":1,"7":1,"8":1},"f":{"0":3,"1":2},"b":{}}
,"/Users/alexander.mai/IdeaProjects/github/ngx-dayjs/src/subtract.pipe.ts": {"path":"/Users/alexander.mai/IdeaProjects/github/ngx-dayjs/src/subtract.pipe.ts","statementMap":{"0":{"start":{"line":1,"column":0},"end":{"line":1,"column":50}},"1":{"start":{"line":2,"column":0},"end":{"line":2,"column":32}},"2":{"start":{"line":3,"column":14},"end":{"line":3,"column":20}},"3":{"start":{"line":6,"column":0},"end":{"line":6,"column":13}},"4":{"start":{"line":7,"column":4},"end":{"line":12,"column":null}},"5":{"start":{"line":8,"column":8},"end":{"line":10,"column":null}},"6":{"start":{"line":9,"column":12},"end":{"line":9,"column":72}},"7":{"start":{"line":11,"column":8},"end":{"line":11,"column":51}},"8":{"start":{"line":6,"column":13},"end":{"line":13,"column":null}},"9":{"start":{"line":13,"column":0},"end":{"line":13,"column":null}},"10":{"start":{"line":6,"column":13},"end":{"line":6,"column":25}}},"fnMap":{"0":{"name":"(anonymous_1)","decl":{"start":{"line":6,"column":0},"end":{"line":6,"column":13}},"loc":{"start":{"line":6,"column":0},"end":{"line":6,"column":13}}},"1":{"name":"(anonymous_3)","decl":{"start":{"line":7,"column":4},"end":{"line":7,"column":13}},"loc":{"start":{"line":7,"column":49},"end":{"line":12,"column":5}}}},"branchMap":{"0":{"loc":{"start":{"line":8,"column":8},"end":{"line":10,"column":null}},"type":"if","locations":[{"start":{"line":8,"column":8},"end":{"line":10,"column":null}}]},"1":{"loc":{"start":{"line":8,"column":12},"end":{"line":8,"column":104}},"type":"binary-expr","locations":[{"start":{"line":8,"column":12},"end":{"line":8,"column":41}},{"start":{"line":8,"column":46},"end":{"line":8,"column":72}},{"start":{"line":8,"column":76},"end":{"line":8,"column":103}}]}},"s":{"0":1,"1":1,"2":1,"3":1,"4":1,"5":4,"6":1,"7":3,"8":1,"9":1,"10":1},"f":{"0":5,"1":4},"b":{"0":[1],"1":[4,3,1]}}
}
