TN:
SF:src/add.pipe.ts
FN:6,(anonymous_1)
FN:7,(anonymous_3)
FNF:2
FNH:2
FNDA:5,(anonymous_1)
FNDA:4,(anonymous_3)
DA:1,1
DA:2,1
DA:3,1
DA:6,1
DA:7,1
DA:8,4
DA:9,1
DA:11,3
DA:13,1
LF:9
LH:9
BRDA:8,0,0,1
BRDA:8,1,0,4
BRDA:8,1,1,3
BRDA:8,1,2,1
BRF:4
BRH:4
end_of_record
TN:
SF:src/date-format.pipe.ts
FN:6,(anonymous_1)
FN:7,(anonymous_3)
FNF:2
FNH:2
FNDA:4,(anonymous_1)
FNDA:2,(anonymous_3)
DA:1,2
DA:2,2
DA:3,2
DA:6,2
DA:7,6
DA:8,2
DA:9,2
DA:11,2
LF:8
LH:8
BRDA:8,0,0,0
BRF:1
BRH:0
end_of_record
TN:
SF:src/difference.pipe.ts
FN:6,(anonymous_1)
FN:7,(anonymous_3)
FNF:2
FNH:2
FNDA:5,(anonymous_1)
FNDA:7,(anonymous_3)
DA:1,1
DA:2,1
DA:3,1
DA:6,1
DA:7,1
DA:9,7
DA:10,7
DA:12,7
DA:14,1
LF:9
LH:9
BRDA:10,0,0,7
BRDA:10,0,1,0
BRF:2
BRH:1
end_of_record
TN:
SF:src/from-unix.pipe.ts
FN:6,(anonymous_1)
FN:7,(anonymous_3)
FNF:2
FNH:2
FNDA:3,(anonymous_1)
FNDA:2,(anonymous_3)
DA:1,1
DA:2,1
DA:3,1
DA:6,1
DA:7,4
DA:8,2
DA:9,1
DA:11,2
DA:13,1
LF:9
LH:9
BRDA:8,0,0,1
BRF:1
BRH:1
end_of_record
TN:
SF:src/parse.pipe.ts
FN:6,(anonymous_1)
FN:7,(anonymous_3)
FNF:2
FNH:2
FNDA:3,(anonymous_1)
FNDA:2,(anonymous_3)
DA:1,1
DA:2,1
DA:3,1
DA:6,1
DA:7,1
DA:8,2
DA:10,1
LF:7
LH:7
BRF:0
BRH:0
end_of_record
TN:
SF:src/subtract.pipe.ts
FN:6,(anonymous_1)
FN:7,(anonymous_3)
FNF:2
FNH:2
FNDA:5,(anonymous_1)
FNDA:4,(anonymous_3)
DA:1,1
DA:2,1
DA:3,1
DA:6,1
DA:7,1
DA:8,4
DA:9,1
DA:11,3
DA:13,1
LF:9
LH:9
BRDA:8,0,0,1
BRDA:8,1,0,4
BRDA:8,1,1,3
BRDA:8,1,2,1
BRF:4
BRH:4
end_of_record
